<?xml version="1.0" encoding="UTF-8"?>
<testng-results ignored="0" total="1" passed="1" failed="0" skipped="0">
  <reporter-output>
  </reporter-output>
  <suite started-at="2026-07-02T22:21:15 IST" name="Default suite" finished-at="2026-07-02T22:21:43 IST" duration-ms="28323">
    <groups>
    </groups>
    <test started-at="2026-07-02T22:21:15 IST" name="Default test" finished-at="2026-07-02T22:21:43 IST" duration-ms="28323">
      <class name="tests.EndToEndTest">
        <test-method is-config="true" signature="test()[pri:0, instance:tests.EndToEndTest@24269709]" started-at="2026-07-02T22:21:15 IST" name="test" finished-at="2026-07-02T22:21:27 IST" duration-ms="12343" status="PASS">
          <reporter-output>
          </reporter-output>
        </test-method> <!-- test -->
        <test-method is-config="true" signature="setUp()[pri:0, instance:tests.EndToEndTest@24269709]" started-at="2026-07-02T22:21:27 IST" name="setUp" finished-at="2026-07-02T22:21:27 IST" duration-ms="12" status="PASS">
          <reporter-output>
          </reporter-output>
        </test-method> <!-- setUp -->
        <test-method signature="loginAndSearch()[pri:0, instance:tests.EndToEndTest@24269709]" started-at="2026-07-02T22:21:27 IST" name="loginAndSearch" finished-at="2026-07-02T22:21:42 IST" duration-ms="15101" status="PASS">
          <reporter-output>
          </reporter-output>
        </test-method> <!-- loginAndSearch -->
        <test-method is-config="true" signature="takeScreenShotOnFailure(org.testng.ITestResult)[pri:0, instance:tests.EndToEndTest@24269709]" started-at="2026-07-02T22:21:42 IST" name="takeScreenShotOnFailure" finished-at="2026-07-02T22:21:42 IST" duration-ms="4" status="PASS">
          <params>
            <param index="0">
              <value>
                <![CDATA[[TestResult name=loginAndSearch status=SUCCESS method=EndToEndTest.loginAndSearch()[pri:0, instance:tests.EndToEndTest@24269709] output={null}]]]>
              </value>
            </param>
          </params>
          <reporter-output>
          </reporter-output>
        </test-method> <!-- takeScreenShotOnFailure -->
        <test-method is-config="true" signature="tearDown()[pri:0, instance:tests.EndToEndTest@24269709]" started-at="2026-07-02T22:21:42 IST" name="tearDown" finished-at="2026-07-02T22:21:43 IST" duration-ms="799" status="PASS">
          <reporter-output>
          </reporter-output>
        </test-method> <!-- tearDown -->
      </class> <!-- tests.EndToEndTest -->
    </test> <!-- Default test -->
  </suite> <!-- Default suite -->
</testng-results>
