<?xml version="1.0" encoding="UTF-8"?>
<testng-results ignored="0" total="1" passed="1" failed="0" skipped="0">
  <reporter-output>
  </reporter-output>
  <suite started-at="2026-07-03T12:16:29 IST" name="Default suite" finished-at="2026-07-03T12:17:14 IST" duration-ms="45413">
    <groups>
    </groups>
    <test started-at="2026-07-03T12:16:29 IST" name="Default test" finished-at="2026-07-03T12:17:14 IST" duration-ms="45413">
      <class name="tests.EndToEndTest">
        <test-method is-config="true" signature="test()[pri:0, instance:tests.EndToEndTest@45efd90f]" started-at="2026-07-03T12:16:29 IST" name="test" finished-at="2026-07-03T12:16:54 IST" duration-ms="25072" status="PASS">
          <reporter-output>
          </reporter-output>
        </test-method> <!-- test -->
        <test-method is-config="true" signature="setUp()[pri:0, instance:tests.EndToEndTest@45efd90f]" started-at="2026-07-03T12:16:54 IST" name="setUp" finished-at="2026-07-03T12:16:54 IST" duration-ms="12" status="PASS">
          <reporter-output>
          </reporter-output>
        </test-method> <!-- setUp -->
        <test-method signature="endToEndTest()[pri:0, instance:tests.EndToEndTest@45efd90f]" started-at="2026-07-03T12:16:54 IST" name="endToEndTest" finished-at="2026-07-03T12:17:13 IST" duration-ms="19379" status="PASS">
          <reporter-output>
          </reporter-output>
        </test-method> <!-- endToEndTest -->
        <test-method is-config="true" signature="takeScreenShotOnFailure(org.testng.ITestResult)[pri:0, instance:tests.EndToEndTest@45efd90f]" started-at="2026-07-03T12:17:13 IST" name="takeScreenShotOnFailure" finished-at="2026-07-03T12:17:13 IST" duration-ms="8" status="PASS">
          <params>
            <param index="0">
              <value>
                <![CDATA[[TestResult name=endToEndTest status=SUCCESS method=EndToEndTest.endToEndTest()[pri:0, instance:tests.EndToEndTest@45efd90f] output={null}]]]>
              </value>
            </param>
          </params>
          <reporter-output>
          </reporter-output>
        </test-method> <!-- takeScreenShotOnFailure -->
        <test-method is-config="true" signature="tearDown()[pri:0, instance:tests.EndToEndTest@45efd90f]" started-at="2026-07-03T12:17:13 IST" name="tearDown" finished-at="2026-07-03T12:17:14 IST" duration-ms="792" status="PASS">
          <reporter-output>
          </reporter-output>
        </test-method> <!-- tearDown -->
      </class> <!-- tests.EndToEndTest -->
    </test> <!-- Default test -->
  </suite> <!-- Default suite -->
</testng-results>
